<?xml version="1.0" encoding="UTF-8"?>
<!-- Generated by org.testng.reporters.JUnitReportReporter -->
<testsuite hostname="MYPC" failures="0" tests="1" name="teascase.Testcase1" time="4.428" errors="0" timestamp="2022-07-19T22:13:19 IST" skipped="0">
  <testcase classname="teascase.Testcase1" name="login" time="4.428"/>
  <system-out>
    <![CDATA[Test case started
Test case executed succesfully...]]>
  </system-out>
</testsuite> <!-- teascase.Testcase1 -->
